2024-06-04T08:44:10.792+05:30  INFO 21088 --- [server] [main] c.a.server.ServerApplication             : Starting ServerApplication using Java 21 with PID 21088 (D:\Projects\attendance-system\server\target\classes started by 94760 in D:\Projects\attendance-system\server)
2024-06-04T08:44:10.807+05:30 DEBUG 21088 --- [server] [main] c.a.server.ServerApplication             : Running with Spring Boot v3.3.0, Spring v6.1.8
2024-06-04T08:44:10.809+05:30  INFO 21088 --- [server] [main] c.a.server.ServerApplication             : No active profile set, falling back to 1 default profile: "default"
2024-06-04T08:44:12.133+05:30  INFO 21088 --- [server] [main] o.s.b.w.embedded.tomcat.TomcatWebServer  : Tomcat initialized with port 8080 (http)
2024-06-04T08:44:12.148+05:30  INFO 21088 --- [server] [main] o.apache.catalina.core.StandardService   : Starting service [Tomcat]
2024-06-04T08:44:12.148+05:30  INFO 21088 --- [server] [main] o.apache.catalina.core.StandardEngine    : Starting Servlet engine: [Apache Tomcat/10.1.24]
2024-06-04T08:44:12.210+05:30  INFO 21088 --- [server] [main] o.a.c.c.C.[Tomcat].[localhost].[/]       : Initializing Spring embedded WebApplicationContext
2024-06-04T08:44:12.210+05:30  INFO 21088 --- [server] [main] w.s.c.ServletWebServerApplicationContext : Root WebApplicationContext: initialization completed in 1314 ms
2024-06-04T08:44:12.579+05:30 DEBUG 21088 --- [server] [main] c.a.server.filter.JwtAuthFilter          : Filter 'jwtAuthFilter' configured for use
2024-06-04T08:44:12.682+05:30  INFO 21088 --- [server] [main] eAuthenticationProviderManagerConfigurer : Global AuthenticationManager configured with AuthenticationProvider bean with name authenticationProvider
2024-06-04T08:44:12.684+05:30  WARN 21088 --- [server] [main] r$InitializeUserDetailsManagerConfigurer : Global AuthenticationManager configured with an AuthenticationProvider bean. UserDetailsService beans will not be used for username/password login. Consider removing the AuthenticationProvider bean. Alternatively, consider using the UserDetailsService in a manually instantiated DaoAuthenticationProvider.
2024-06-04T08:44:13.041+05:30  INFO 21088 --- [server] [main] o.s.s.web.DefaultSecurityFilterChain     : Will secure any request with [org.springframework.security.web.session.DisableEncodeUrlFilter@2703d91, org.springframework.security.web.context.request.async.WebAsyncManagerIntegrationFilter@5be052ca, org.springframework.security.web.context.SecurityContextHolderFilter@71cea1b8, org.springframework.security.web.header.HeaderWriterFilter@610d28b8, org.springframework.web.filter.CorsFilter@2007435e, org.springframework.security.web.authentication.logout.LogoutFilter@4a8ffd75, com.attendance_system.server.filter.JwtAuthFilter@6e4f263e, org.springframework.security.web.savedrequest.RequestCacheAwareFilter@2e463f4, org.springframework.security.web.servletapi.SecurityContextHolderAwareRequestFilter@427a12b6, org.springframework.security.web.authentication.AnonymousAuthenticationFilter@da28d03, org.springframework.security.web.session.SessionManagementFilter@12c0c0b3, org.springframework.security.web.access.ExceptionTranslationFilter@6dd36ab6, org.springframework.security.web.access.intercept.AuthorizationFilter@383c3eb3]
2024-06-04T08:44:13.308+05:30  INFO 21088 --- [server] [main] o.s.b.w.embedded.tomcat.TomcatWebServer  : Tomcat started on port 8080 (http) with context path '/'
2024-06-04T08:44:13.320+05:30  INFO 21088 --- [server] [main] c.a.server.ServerApplication             : Started ServerApplication in 3.147 seconds (process running for 4.114)
2024-06-04T08:48:37.181+05:30  INFO 21088 --- [server] [http-nio-8080-exec-1] o.a.c.c.C.[Tomcat].[localhost].[/]       : Initializing Spring DispatcherServlet 'dispatcherServlet'
2024-06-04T08:48:37.183+05:30  INFO 21088 --- [server] [http-nio-8080-exec-1] o.s.web.servlet.DispatcherServlet        : Initializing Servlet 'dispatcherServlet'
2024-06-04T08:48:37.187+05:30  INFO 21088 --- [server] [http-nio-8080-exec-1] o.s.web.servlet.DispatcherServlet        : Completed initialization in 4 ms
2024-06-04T09:10:06.322+05:30  INFO 21088 --- [server] [http-nio-8080-exec-3] c.a.server.filter.JwtAuthFilter          : Token received: eyJhbGciOiJIUzI1NiJ9.eyJzdWIiOiJIaW1vc2giLCJpYXQiOjE3MTc0MTI2MTksImV4cCI6MTcxNzQxNjIxOX0.MBEZvMFP5t615v-JcjmE-wCdEs4CERVudm_cGxbYAQU, Username extracted: Himosh
2024-06-04T09:10:06.333+05:30  WARN 21088 --- [server] [http-nio-8080-exec-3] c.a.server.filter.JwtAuthFilter          : Token validation failed for user: Himosh
2024-06-04T09:46:55.283+05:30  INFO 21088 --- [server] [http-nio-8080-exec-4] c.a.server.filter.JwtAuthFilter          : Token received: eyJhbGciOiJIUzI1NiJ9.eyJzdWIiOiJIaW1vc2giLCJpYXQiOjE3MTc0MTI2MTksImV4cCI6MTcxNzQxNjIxOX0.MBEZvMFP5t615v-JcjmE-wCdEs4CERVudm_cGxbYAQU, Username extracted: Himosh
2024-06-04T09:46:55.292+05:30  WARN 21088 --- [server] [http-nio-8080-exec-4] c.a.server.filter.JwtAuthFilter          : Token validation failed for user: Himosh
2024-06-04T09:57:23.145+05:30  INFO 21088 --- [server] [http-nio-8080-exec-2] c.a.server.filter.JwtAuthFilter          : Token received: eyJhbGciOiJIUzI1NiJ9.eyJzdWIiOiJIaW1vc2giLCJpYXQiOjE3MTc0MTI2MTksImV4cCI6MTcxNzQxNjIxOX0.MBEZvMFP5t615v-JcjmE-wCdEs4CERVudm_cGxbYAQU, Username extracted: Himosh
2024-06-04T09:57:23.153+05:30  WARN 21088 --- [server] [http-nio-8080-exec-2] c.a.server.filter.JwtAuthFilter          : Token validation failed for user: Himosh
2024-06-04T10:30:05.660+05:30  INFO 21088 --- [server] [http-nio-8080-exec-6] c.a.server.filter.JwtAuthFilter          : Token received: eyJhbGciOiJIUzI1NiJ9.eyJzdWIiOiJIaW1vc2giLCJpYXQiOjE3MTc0MTI2MTksImV4cCI6MTcxNzQxNjIxOX0.MBEZvMFP5t615v-JcjmE-wCdEs4CERVudm_cGxbYAQU, Username extracted: Himosh
2024-06-04T10:30:05.666+05:30  WARN 21088 --- [server] [http-nio-8080-exec-6] c.a.server.filter.JwtAuthFilter          : Token validation failed for user: Himosh
